<component name="libraryTable">
  <library name="junit-jupiter-5.7.0">
    <CLASSES>
      <root url="jar://C:/Program Files/Java/junit-jupiter-5.7.0.jar!/" />
    </CLASSES>
    <JAVADOC />
    <SOURCES />
  </library>
</component>